INFO:root:CASanFrancisco: 0.55,157
INFO:root:CASanFrancisco: 1.1,19
INFO:root:CASanFrancisco: 1.65,68
INFO:root:CASanFrancisco: 0.8,65
INFO:root:CASanFrancisco: 1.1,29
INFO:root:CASanFrancisco: 1.4,50
INFO:root:CASanFrancisco: 0.9,12
INFO:root:CASanFrancisco: 1.1,28
INFO:root:CASanFrancisco: 1.3,38
INFO:root:CASanFrancisco: 0.8,63
INFO:root:CASanFrancisco: 0.9,18
INFO:root:CASanFrancisco: 1.0,21
INFO:root:CASanFrancisco: 0.85,46
INFO:root:CASanFrancisco: 0.9,21
INFO:root:CASanFrancisco: 0.95,2
INFO:root:CASanFrancisco: 0.91,18
INFO:root:CASanFrancisco: 0.95,5
INFO:root:CASanFrancisco: 0.99,11
INFO:root:CASanFrancisco: 0.92,12
INFO:root:CASanFrancisco: 0.95,2
INFO:root:CASanFrancisco: 0.98,16
INFO:root:CASanFrancisco: 0.93,6
INFO:root:CASanFrancisco: 0.95,0
INFO:root:CASanFrancisco: 0.97,5
DEBUG:root:CASanFrancisco: Using coeffs
