2020-05-01 16:49:05,108 - regressions - INFO - Looking for: 04-24-2020
2020-05-01 16:49:05,113 - regressions - INFO - CACA: Apex: -3.0003662109375, maxR0:2.39
2020-05-01 16:49:05,116 - regressions - INFO - CACA: R0DataEstimates: [-2.8532393506652007, -2.2623590959253828, -1.7067942781439434, -1.1865433779852714, -0.7016033567781436, -0.2519802918650066, 0.1623334134321982, 0.5413286430998006, 0.8850114744802472, 1.1933834269091497, 1.4664384230440615, 1.7041795015562058, 1.9066097011168064, 2.0737244637190275, 2.20552378936287, 2.30201375539078, 2.363186765124699, 2.389045857235851, 2.379594070395459, 2.3348268465966875, 2.254744185839537, 2.1393521654664545, 1.9886431887993807, 1.80262029450954, 1.581286521268155, 1.3246357917327796, 1.0326757025814717, 0.705398657136173, 0.34280617473249514, -0.05509566728711494, -0.48831446560071584, -0.9568456622014724, -1.4606892570893848, -1.9998482889356761, -2.5743227577403465, -3.184106586160949, -3.8292073708755425, -4.5096205538772915, -5.2253461351661965, -5.976388672749093, -6.762743608619144, -7.584409423440739, -8.441392194556325, -9.333685844623455, -10.261296450984576, -11.224219455632854, -12.222454858568286, -13.256005698462097, -14.324870455978676, -15.429046092446798, -16.56853868520891, -17.74334367625818, -18.953461065594606, -20.19889389188941, -21.47964063580698, -22.795698258676097, -24.147072837839204, -25.533761334625076, -26.955759191026882, -28.413075523058293, -29.905704253376854, -31.433643862646964, -32.99690042821106, -34.59546787272671, -36.22935075420072, -37.89854907263313, -39.60305675068146, -41.34288138502379, -43.11801993698888, -44.928469367905514, -46.774234235780526, -48.65531454061392, -50.57170420506325, -52.523410825806565, -54.510431364172646, -56.53276278149028, -58.5904111551019, -60.68337344633628, -62.8116450971866, -64.9752337043309, -67.17413622909798, -69.40834963281661, -71.67787999282922, -73.98272123179338, -76.3228779077159]
2020-05-01 16:49:05,117 - regressions - INFO - XVALUES: [737461, 737462, 737463, 737464, 737465, 737466, 737467, 737468, 737469, 737470, 737471, 737472, 737473, 737474, 737475, 737476, 737477, 737478, 737479, 737480, 737481, 737482, 737483, 737484, 737485, 737486, 737487, 737488, 737489, 737490, 737491, 737492, 737493, 737494, 737495, 737496, 737497, 737498, 737499, 737500, 737501, 737502, 737503, 737504, 737505, 737506, 737507, 737508, 737509, 737510, 737511, 737512, 737513, 737514, 737515, 737516, 737517, 737518, 737519, 737520, 737521, 737522, 737523, 737524, 737525, 737526, 737527, 737528, 737529, 737530, 737531, 737532, 737533, 737534, 737535, 737536, 737537, 737538, 737539, 737540, 737541, 737542, 737543, 737544, 737545]
2020-05-01 16:49:14,712 - __mp_main__ - INFO - CACA:[0, 0, 0, 0, 0, 0, 0, 0, 0, 0, 0, 0, 0, 0, 0, 1, 0, 0, 0, 0, 0, 0, 0, 0, 0, 0, 1, 0, 0, 0, 0, 0, 0, 0, 0, 0, 0, 0, 0, 0, 0, 0, 1, 0, 1, 0, 0, 1, 1, 1, 0, 0, 0, 2, 5, 3, 3, 2, 5, 5, 4, 7, 12, 15, 16, 17, 21, 11, 17, 33, 30, 31, 39, 39, 30, 37, 59, 57, 41, 50, 36, 45, 49, 53, 100, 92, 40, 136, 30, 47, 93, 113, 97, 85, 79, 23, 63, 89, 76, 91]
2020-05-01 16:49:42,169 - __mp_main__ - INFO - CACA: 0.55,464
2020-05-01 16:49:42,171 - __mp_main__ - INFO - CACA: 1.1,205
2020-05-01 16:49:42,171 - __mp_main__ - INFO - CACA: 1.65,134
2020-05-01 16:49:47,958 - regressions - INFO - Looking for: 04-24-2020
2020-05-01 16:49:47,960 - regressions - INFO - CACA: Apex: -3.0003662109375, maxR0:2.39
2020-05-01 16:49:47,962 - regressions - INFO - CACA: R0DataEstimates: [-2.8532393506652007, -2.2623590959253828, -1.7067942781439434, -1.1865433779852714, -0.7016033567781436, -0.2519802918650066, 0.1623334134321982, 0.5413286430998006, 0.8850114744802472, 1.1933834269091497, 1.4664384230440615, 1.7041795015562058, 1.9066097011168064, 2.0737244637190275, 2.20552378936287, 2.30201375539078, 2.363186765124699, 2.389045857235851, 2.379594070395459, 2.3348268465966875, 2.254744185839537, 2.1393521654664545, 1.9886431887993807, 1.80262029450954, 1.581286521268155, 1.3246357917327796, 1.0326757025814717, 0.705398657136173, 0.34280617473249514, -0.05509566728711494, -0.48831446560071584, -0.9568456622014724, -1.4606892570893848, -1.9998482889356761, -2.5743227577403465, -3.184106586160949, -3.8292073708755425, -4.5096205538772915, -5.2253461351661965, -5.976388672749093, -6.762743608619144, -7.584409423440739, -8.441392194556325, -9.333685844623455, -10.261296450984576, -11.224219455632854, -12.222454858568286, -13.256005698462097, -14.324870455978676, -15.429046092446798, -16.56853868520891, -17.74334367625818, -18.953461065594606, -20.19889389188941, -21.47964063580698, -22.795698258676097, -24.147072837839204, -25.533761334625076, -26.955759191026882, -28.413075523058293, -29.905704253376854, -31.433643862646964, -32.99690042821106, -34.59546787272671, -36.22935075420072, -37.89854907263313, -39.60305675068146, -41.34288138502379, -43.11801993698888, -44.928469367905514, -46.774234235780526, -48.65531454061392, -50.57170420506325, -52.523410825806565, -54.510431364172646, -56.53276278149028, -58.5904111551019, -60.68337344633628, -62.8116450971866, -64.9752337043309, -67.17413622909798, -69.40834963281661, -71.67787999282922, -73.98272123179338, -76.3228779077159]
2020-05-01 16:49:47,963 - regressions - INFO - XVALUES: [737461, 737462, 737463, 737464, 737465, 737466, 737467, 737468, 737469, 737470, 737471, 737472, 737473, 737474, 737475, 737476, 737477, 737478, 737479, 737480, 737481, 737482, 737483, 737484, 737485, 737486, 737487, 737488, 737489, 737490, 737491, 737492, 737493, 737494, 737495, 737496, 737497, 737498, 737499, 737500, 737501, 737502, 737503, 737504, 737505, 737506, 737507, 737508, 737509, 737510, 737511, 737512, 737513, 737514, 737515, 737516, 737517, 737518, 737519, 737520, 737521, 737522, 737523, 737524, 737525, 737526, 737527, 737528, 737529, 737530, 737531, 737532, 737533, 737534, 737535, 737536, 737537, 737538, 737539, 737540, 737541, 737542, 737543, 737544, 737545]
2020-05-01 16:49:47,965 - __mp_main__ - INFO - CACA: Using coeffs
2020-05-01 16:49:47,966 - __mp_main__ - INFO - CACA: [-0.03531367551826282, 52086.13399425061, -19206195007.857452]
2020-05-01 16:53:53,118 - regressions - INFO - Looking for: 04-24-2020
2020-05-01 16:53:53,119 - regressions - INFO - CACA: Apex: -3.0003662109375, maxR0:2.39
2020-05-01 16:53:53,121 - regressions - INFO - CACA: R0DataEstimates: [-2.8532393506652007, -2.2623590959253828, -1.7067942781439434, -1.1865433779852714, -0.7016033567781436, -0.2519802918650066, 0.1623334134321982, 0.5413286430998006, 0.8850114744802472, 1.1933834269091497, 1.4664384230440615, 1.7041795015562058, 1.9066097011168064, 2.0737244637190275, 2.20552378936287, 2.30201375539078, 2.363186765124699, 2.389045857235851, 2.379594070395459, 2.3348268465966875, 2.254744185839537, 2.1393521654664545, 1.9886431887993807, 1.80262029450954, 1.581286521268155, 1.3246357917327796, 1.0326757025814717, 0.705398657136173, 0.34280617473249514, -0.05509566728711494, -0.48831446560071584, -0.9568456622014724, -1.4606892570893848, -1.9998482889356761, -2.5743227577403465, -3.184106586160949, -3.8292073708755425, -4.5096205538772915, -5.2253461351661965, -5.976388672749093, -6.762743608619144, -7.584409423440739, -8.441392194556325, -9.333685844623455, -10.261296450984576, -11.224219455632854, -12.222454858568286, -13.256005698462097, -14.324870455978676, -15.429046092446798, -16.56853868520891, -17.74334367625818, -18.953461065594606, -20.19889389188941, -21.47964063580698, -22.795698258676097, -24.147072837839204, -25.533761334625076, -26.955759191026882, -28.413075523058293, -29.905704253376854, -31.433643862646964, -32.99690042821106, -34.59546787272671, -36.22935075420072, -37.89854907263313, -39.60305675068146, -41.34288138502379, -43.11801993698888, -44.928469367905514, -46.774234235780526, -48.65531454061392, -50.57170420506325, -52.523410825806565, -54.510431364172646, -56.53276278149028, -58.5904111551019, -60.68337344633628, -62.8116450971866, -64.9752337043309, -67.17413622909798, -69.40834963281661, -71.67787999282922, -73.98272123179338, -76.3228779077159]
2020-05-01 16:53:53,122 - regressions - INFO - XVALUES: [737461, 737462, 737463, 737464, 737465, 737466, 737467, 737468, 737469, 737470, 737471, 737472, 737473, 737474, 737475, 737476, 737477, 737478, 737479, 737480, 737481, 737482, 737483, 737484, 737485, 737486, 737487, 737488, 737489, 737490, 737491, 737492, 737493, 737494, 737495, 737496, 737497, 737498, 737499, 737500, 737501, 737502, 737503, 737504, 737505, 737506, 737507, 737508, 737509, 737510, 737511, 737512, 737513, 737514, 737515, 737516, 737517, 737518, 737519, 737520, 737521, 737522, 737523, 737524, 737525, 737526, 737527, 737528, 737529, 737530, 737531, 737532, 737533, 737534, 737535, 737536, 737537, 737538, 737539, 737540, 737541, 737542, 737543, 737544, 737545]
2020-05-01 16:53:55,397 - __mp_main__ - INFO - CACA:[0, 0, 0, 0, 0, 0, 0, 0, 0, 0, 0, 0, 0, 0, 0, 1, 0, 0, 0, 0, 0, 0, 0, 0, 0, 0, 1, 0, 0, 0, 0, 0, 0, 0, 0, 0, 0, 0, 0, 0, 0, 0, 1, 0, 1, 0, 0, 1, 1, 1, 0, 0, 0, 2, 5, 3, 3, 2, 5, 5, 4, 7, 12, 15, 16, 17, 21, 11, 17, 33, 30, 31, 39, 39, 30, 37, 59, 57, 41, 50, 36, 45, 49, 53, 100, 92, 40, 136, 30, 47, 93, 113, 97, 85, 79, 23, 63, 89, 76, 91]
2020-05-01 16:54:08,345 - __mp_main__ - INFO - CACA: 0.55,464
2020-05-01 16:54:08,346 - __mp_main__ - INFO - CACA: 1.1,207
2020-05-01 16:54:08,346 - __mp_main__ - INFO - CACA: 1.65,147
2020-05-01 16:54:13,009 - regressions - INFO - Looking for: 04-24-2020
2020-05-01 16:54:13,010 - regressions - INFO - CACA: Apex: -3.0003662109375, maxR0:2.39
2020-05-01 16:54:13,011 - regressions - INFO - CACA: R0DataEstimates: [-2.8532393506652007, -2.2623590959253828, -1.7067942781439434, -1.1865433779852714, -0.7016033567781436, -0.2519802918650066, 0.1623334134321982, 0.5413286430998006, 0.8850114744802472, 1.1933834269091497, 1.4664384230440615, 1.7041795015562058, 1.9066097011168064, 2.0737244637190275, 2.20552378936287, 2.30201375539078, 2.363186765124699, 2.389045857235851, 2.379594070395459, 2.3348268465966875, 2.254744185839537, 2.1393521654664545, 1.9886431887993807, 1.80262029450954, 1.581286521268155, 1.3246357917327796, 1.0326757025814717, 0.705398657136173, 0.34280617473249514, -0.05509566728711494, -0.48831446560071584, -0.9568456622014724, -1.4606892570893848, -1.9998482889356761, -2.5743227577403465, -3.184106586160949, -3.8292073708755425, -4.5096205538772915, -5.2253461351661965, -5.976388672749093, -6.762743608619144, -7.584409423440739, -8.441392194556325, -9.333685844623455, -10.261296450984576, -11.224219455632854, -12.222454858568286, -13.256005698462097, -14.324870455978676, -15.429046092446798, -16.56853868520891, -17.74334367625818, -18.953461065594606, -20.19889389188941, -21.47964063580698, -22.795698258676097, -24.147072837839204, -25.533761334625076, -26.955759191026882, -28.413075523058293, -29.905704253376854, -31.433643862646964, -32.99690042821106, -34.59546787272671, -36.22935075420072, -37.89854907263313, -39.60305675068146, -41.34288138502379, -43.11801993698888, -44.928469367905514, -46.774234235780526, -48.65531454061392, -50.57170420506325, -52.523410825806565, -54.510431364172646, -56.53276278149028, -58.5904111551019, -60.68337344633628, -62.8116450971866, -64.9752337043309, -67.17413622909798, -69.40834963281661, -71.67787999282922, -73.98272123179338, -76.3228779077159]
2020-05-01 16:54:13,011 - regressions - INFO - XVALUES: [737461, 737462, 737463, 737464, 737465, 737466, 737467, 737468, 737469, 737470, 737471, 737472, 737473, 737474, 737475, 737476, 737477, 737478, 737479, 737480, 737481, 737482, 737483, 737484, 737485, 737486, 737487, 737488, 737489, 737490, 737491, 737492, 737493, 737494, 737495, 737496, 737497, 737498, 737499, 737500, 737501, 737502, 737503, 737504, 737505, 737506, 737507, 737508, 737509, 737510, 737511, 737512, 737513, 737514, 737515, 737516, 737517, 737518, 737519, 737520, 737521, 737522, 737523, 737524, 737525, 737526, 737527, 737528, 737529, 737530, 737531, 737532, 737533, 737534, 737535, 737536, 737537, 737538, 737539, 737540, 737541, 737542, 737543, 737544, 737545]
2020-05-01 16:54:13,012 - __mp_main__ - INFO - CACA: Using coeffs
2020-05-01 16:54:13,013 - __mp_main__ - INFO - CACA: [-0.03531367551826282, 52086.13399425061, -19206195007.857452]
2020-05-01 16:54:41,583 - regressions - INFO - Looking for: 04-11-2020
2020-05-01 16:54:41,585 - regressions - INFO - CASanFrancisco: Apex: 39.061180114746094, maxR0:2.26
2020-05-01 16:54:41,586 - regressions - INFO - CASanFrancisco: R0DataEstimates: [-0.6248742564934321, -0.4736788996971966, -0.3265530046230076, -0.1834965712708651, -0.04450959964076905, 0.09040813097786315, 0.22125639987444887, 0.3480352070489881, 0.47074477321206354, 0.5893848776530924, 0.7039555203720749, 0.8144571427901761, 0.9208890827756482, 1.0232515610390738, 1.1215445775804531, 1.2157681323997858, 1.3059224462076546, 1.3920070775828945, 1.4740224679466705, 1.5519686172989824, 1.6258450842186656, 1.6956523101268846, 1.7613905157342225, 1.8230590389089314, 1.8806578796510112, 1.934187479381627, 1.9836476173901965, 2.029038514387302, 2.070359949662361, 2.107611702504791, 2.14079443504634, 2.1699074851552593, 2.1949517356738806, 2.2159260830492897, 2.2328309687026526, 2.2456663926339693, 2.254432575553822, 2.259129296751628, 2.2597565562273876, 2.2563145746916833, 2.24880291072335, 2.237222005743553, 2.2215718597522915, 2.2018524727495667, 2.178063403314213, 2.1502048721568126, 2.1182768792773654, 2.0822796453864547, 2.042212729062915, 1.9980765717279114, 1.9498711733814438, 1.8975960926023472, 1.8412517708117866, 1.7808379872991797, 1.716355404196274, 1.6478026972395743, 1.5751807492714105, 1.4984893395812002]
2020-05-01 16:54:41,586 - regressions - INFO - XVALUES: [737489, 737490, 737491, 737492, 737493, 737494, 737495, 737496, 737497, 737498, 737499, 737500, 737501, 737502, 737503, 737504, 737505, 737506, 737507, 737508, 737509, 737510, 737511, 737512, 737513, 737514, 737515, 737516, 737517, 737518, 737519, 737520, 737521, 737522, 737523, 737524, 737525, 737526, 737527, 737528, 737529, 737530, 737531, 737532, 737533, 737534, 737535, 737536, 737537, 737538, 737539, 737540, 737541, 737542, 737543, 737544, 737545, 737546]
2020-05-01 16:54:43,375 - __mp_main__ - INFO - CASanFrancisco:[0, 0, 0, 0, 0, 0, 0, 0, 0, 0, 0, 0, 0, 0, 0, 0, 0, 0, 0, 0, 0, 0, 0, 0, 0, 0, 0, 0, 0, 0, 0, 0, 0, 0, 0, 0, 0, 0, 0, 0, 0, 0, 0, 2, 0, 7, 0, 6, 0, 3, 0, 5, 5, 9, 3, 3, 8, 19, 14, 0, 24, 23, 21, 26, 45, 56, 29, 32, 34, 23, 37, 16, 47, 32, 39, 15, 39, 54, 48, 73, 60, 15, 85, 30, 26, 6, 39, 79, 20, 59, 15, 2, 69, 38, 14, 54, 16, 44, 22, 9, 24]
2020-05-01 17:30:24,418 - __main__ - INFO - Looking for: 04-24-2020
2020-05-01 17:30:24,432 - __main__ - INFO - CACA: Apex: -3.0003662109375, maxR0:2.39
2020-05-01 17:30:24,437 - __main__ - INFO - CACA: R0DataEstimates: [-2.8532393506652007, -2.2623590959253828, -1.7067942781439434, -1.1865433779852714, -0.7016033567781436, -0.2519802918650066, 0.1623334134321982, 0.5413286430998006, 0.8850114744802472, 1.1933834269091497, 1.4664384230440615, 1.7041795015562058, 1.9066097011168064, 2.0737244637190275, 2.20552378936287, 2.30201375539078, 2.363186765124699, 2.389045857235851, 2.379594070395459, 2.3348268465966875, 2.254744185839537, 2.1393521654664545, 1.9886431887993807, 1.80262029450954, 1.581286521268155, 1.3246357917327796, 1.0326757025814717, 0.705398657136173, 0.34280617473249514, -0.05509566728711494, -0.48831446560071584, -0.9568456622014724, -1.4606892570893848, -1.9998482889356761, -2.5743227577403465, -3.184106586160949, -3.8292073708755425, -4.5096205538772915, -5.2253461351661965, -5.976388672749093, -6.762743608619144, -7.584409423440739, -8.441392194556325, -9.333685844623455, -10.261296450984576, -11.224219455632854, -12.222454858568286, -13.256005698462097, -14.324870455978676, -15.429046092446798, -16.56853868520891, -17.74334367625818, -18.953461065594606, -20.19889389188941, -21.47964063580698, -22.795698258676097, -24.147072837839204, -25.533761334625076, -26.955759191026882, -28.413075523058293, -29.905704253376854, -31.433643862646964, -32.99690042821106, -34.59546787272671, -36.22935075420072, -37.89854907263313, -39.60305675068146, -41.34288138502379, -43.11801993698888, -44.928469367905514, -46.774234235780526, -48.65531454061392, -50.57170420506325, -52.523410825806565, -54.510431364172646, -56.53276278149028, -58.5904111551019, -60.68337344633628, -62.8116450971866, -64.9752337043309, -67.17413622909798, -69.40834963281661, -71.67787999282922, -73.98272123179338, -76.3228779077159]
2020-05-01 17:30:24,438 - __main__ - INFO - XVALUES: [737461, 737462, 737463, 737464, 737465, 737466, 737467, 737468, 737469, 737470, 737471, 737472, 737473, 737474, 737475, 737476, 737477, 737478, 737479, 737480, 737481, 737482, 737483, 737484, 737485, 737486, 737487, 737488, 737489, 737490, 737491, 737492, 737493, 737494, 737495, 737496, 737497, 737498, 737499, 737500, 737501, 737502, 737503, 737504, 737505, 737506, 737507, 737508, 737509, 737510, 737511, 737512, 737513, 737514, 737515, 737516, 737517, 737518, 737519, 737520, 737521, 737522, 737523, 737524, 737525, 737526, 737527, 737528, 737529, 737530, 737531, 737532, 737533, 737534, 737535, 737536, 737537, 737538, 737539, 737540, 737541, 737542, 737543, 737544, 737545]
2020-05-01 17:41:46,157 - __main__ - INFO - Looking for: 04-24-2020
2020-05-01 17:42:43,868 - __main__ - INFO - Looking for: 04-24-2020
2020-05-01 17:43:16,851 - __main__ - INFO - Looking for: 04-24-2020
2020-05-01 17:44:44,200 - __main__ - INFO - Looking for: 04-24-2020
2020-05-01 17:46:58,439 - __main__ - INFO - Looking for: 04-24-2020
2020-05-01 17:47:52,932 - __main__ - INFO - Looking for: 04-24-2020
2020-05-01 17:49:12,949 - __main__ - INFO - Looking for: 04-24-2020
2020-05-01 17:50:16,411 - __main__ - INFO - Looking for: 04-24-2020
2020-05-01 17:51:08,461 - __main__ - INFO - Looking for: 04-24-2020
2020-05-01 18:23:31,428 - __main__ - INFO - Looking for: 04-24-2020
2020-05-01 18:24:50,727 - __main__ - INFO - Looking for: 04-24-2020
2020-05-01 18:25:09,340 - __main__ - INFO - Looking for: 04-24-2020
2020-05-01 18:25:45,633 - __main__ - INFO - Looking for: 04-04-2020
2020-05-01 18:26:15,645 - __main__ - INFO - Looking for: 04-04-2020
2020-05-01 18:27:49,399 - __main__ - INFO - Looking for: 03-26-2020
2020-05-01 18:28:32,218 - __main__ - INFO - Looking for: 03-26-2020
2020-05-01 18:29:09,714 - __main__ - INFO - Looking for: 03-26-2020
2020-05-01 18:30:04,351 - __main__ - INFO - Looking for: 03-26-2020
2020-05-01 18:31:23,714 - __main__ - INFO - Looking for: 03-26-2020
2020-05-01 18:32:57,676 - __main__ - INFO - Looking for: 03-26-2020
2020-05-01 18:35:16,637 - __main__ - INFO - Looking for: 03-26-2020
2020-05-01 18:37:46,326 - __main__ - INFO - Looking for: 04-18-2020
2020-05-01 18:38:11,488 - __main__ - INFO - Looking for: 04-18-2020
2020-05-01 18:41:09,110 - regressions - INFO - Looking for: 04-24-2020
2020-05-01 18:41:18,314 - __mp_main__ - INFO - CACA:[0, 0, 0, 0, 0, 0, 0, 0, 0, 0, 0, 0, 0, 0, 0, 1, 0, 0, 0, 0, 0, 0, 0, 0, 0, 0, 1, 0, 0, 0, 0, 0, 0, 0, 0, 0, 0, 0, 0, 0, 0, 0, 1, 0, 1, 0, 0, 1, 1, 1, 0, 0, 0, 2, 5, 3, 3, 2, 5, 5, 4, 7, 12, 15, 16, 17, 21, 11, 17, 33, 30, 31, 39, 39, 30, 37, 59, 57, 41, 50, 36, 45, 49, 53, 100, 92, 40, 136, 30, 47, 93, 113, 97, 85, 79, 23, 63, 89, 76, 91]
2020-05-01 18:41:43,796 - __mp_main__ - INFO - CACA: 0.55,462
2020-05-01 18:41:43,799 - __mp_main__ - INFO - CACA: 1.1,210
2020-05-01 18:41:43,799 - __mp_main__ - INFO - CACA: 1.65,131
2020-05-01 18:41:48,486 - regressions - INFO - Looking for: 04-24-2020
2020-05-01 18:41:48,488 - __mp_main__ - INFO - CACA: Using coeffs
2020-05-01 18:41:48,489 - __mp_main__ - INFO - CACA: [-0.13343963090920244, 98419.27425616955]
2020-05-01 18:42:14,174 - regressions - INFO - Looking for: 04-11-2020
2020-05-01 18:42:16,617 - __mp_main__ - INFO - CASanFrancisco:[0, 0, 0, 0, 0, 0, 0, 0, 0, 0, 0, 0, 0, 0, 0, 0, 0, 0, 0, 0, 0, 0, 0, 0, 0, 0, 0, 0, 0, 0, 0, 0, 0, 0, 0, 0, 0, 0, 0, 0, 0, 0, 0, 2, 0, 7, 0, 6, 0, 3, 0, 5, 5, 9, 3, 3, 8, 19, 14, 0, 24, 23, 21, 26, 45, 56, 29, 32, 34, 23, 37, 16, 47, 32, 39, 15, 39, 54, 48, 73, 60, 15, 85, 30, 26, 6, 39, 79, 20, 59, 15, 2, 69, 38, 14, 54, 16, 44, 22, 9, 24]
2020-05-01 18:42:32,213 - __mp_main__ - INFO - CASanFrancisco: 0.55,129
2020-05-01 18:42:32,220 - __mp_main__ - INFO - CASanFrancisco: 1.1,29
2020-05-01 18:42:32,220 - __mp_main__ - INFO - CASanFrancisco: 1.65,80
2020-05-01 18:42:36,631 - regressions - INFO - Looking for: 04-11-2020
2020-05-01 18:42:36,635 - __mp_main__ - INFO - CASanFrancisco: Using coeffs
2020-05-01 18:42:36,635 - __mp_main__ - INFO - CASanFrancisco: [-0.10950244982264999, 80763.84379243189]
2020-05-01 18:42:58,116 - regressions - INFO - Looking for: 03-31-2020
2020-05-01 18:43:01,884 - __mp_main__ - INFO - CASonoma:[0, 0, 0, 0, 0, 0, 0, 0, 0, 0, 0, 0, 0, 0, 0, 0, 0, 0, 0, 0, 0, 0, 0, 0, 0, 0, 0, 0, 0, 0, 0, 0, 0, 0, 0, 0, 0, 0, 0, 0, 1, 0, 0, 0, 0, 0, 0, 2, 0, 0, 0, 0, 0, 2, 1, 0, 2, 1, 12, 2, 2, 4, 5, 5, 2, 0, 13, 3, 16, 12, 6, 4, 5, 5, 2, 8, 5, 16, 0, 9, 0, 0, 2, 5, 8, 3, 9, 8, 0, 1, 1, 10, 2, 22, 1, 3, 0, 2, 10, 0, 12]
2020-05-01 18:43:17,605 - __mp_main__ - INFO - CASonoma: 0.55,99999
2020-05-01 18:43:17,606 - __mp_main__ - INFO - CASonoma: 1.1,19
2020-05-01 18:43:17,606 - __mp_main__ - INFO - CASonoma: 1.65,11
2020-05-01 18:43:17,684 - __main__ - INFO - Looking for: 03-26-2020
2020-05-01 18:43:20,421 - regressions - INFO - Looking for: 03-31-2020
2020-05-01 18:43:20,424 - __mp_main__ - INFO - CASonoma: Using coeffs
2020-05-01 18:43:20,424 - __mp_main__ - INFO - CASonoma: [-0.10128400208916594, 74703.43988176344]
2020-05-01 18:43:36,887 - regressions - INFO - Looking for: 04-04-2020
2020-05-01 18:43:39,185 - __mp_main__ - INFO - CASanMateo:[0, 0, 0, 0, 0, 0, 0, 0, 0, 0, 0, 0, 0, 0, 0, 0, 0, 0, 0, 0, 0, 0, 0, 0, 0, 0, 0, 0, 0, 0, 0, 0, 0, 0, 0, 0, 0, 0, 0, 0, 1, 1, 0, 0, 0, 0, 0, 7, 6, 0, 0, 5, 12, 0, 9, 23, 16, 17, 13, 0, 7, 25, 19, 4, 30, 44, 35, 3, 32, 0, 79, 65, 33, 52, 17, 24, 10, 28, 16, 5, 14, 0, 49, 20, 26, 20, 30, 41, 0, 82, 15, 23, 8, 23, 30, 0, 61, 19, 37, 41, 20]
2020-05-01 18:43:50,447 - __mp_main__ - INFO - CASanMateo: 0.55,149
2020-05-01 18:43:50,447 - __mp_main__ - INFO - CASanMateo: 1.1,51
2020-05-01 18:43:50,447 - __mp_main__ - INFO - CASanMateo: 1.65,10
2020-05-01 18:43:53,522 - regressions - INFO - Looking for: 04-04-2020
2020-05-01 18:43:53,524 - __mp_main__ - INFO - CASanMateo: Using coeffs
2020-05-01 18:43:53,524 - __mp_main__ - INFO - CASanMateo: [-0.06785600486406403, 50049.07611978552]
2020-05-01 18:44:18,887 - regressions - INFO - Looking for: 04-16-2020
2020-05-01 18:44:21,219 - __mp_main__ - INFO - CASantaBarbara:[0, 0, 0, 0, 0, 0, 0, 0, 0, 0, 0, 0, 0, 0, 0, 0, 0, 0, 0, 0, 0, 0, 0, 0, 0, 0, 0, 0, 0, 0, 0, 0, 0, 0, 0, 0, 0, 0, 0, 0, 0, 0, 0, 0, 0, 0, 0, 0, 0, 0, 0, 0, 0, 1, 0, 0, 2, 5, 1, 4, 5, 0, 6, 2, 16, 5, 17, 4, 20, 11, 12, 0, 41, 16, 6, 18, 26, 10, 15, 17, 4, 3, 17, 29, 21, 20, 19, 0, 21, 22, 13, 11, 11, 9, 9, 2, 2, 0, 12, 11, 0]
