INFO:root:CASanMateo: 0.55,176
INFO:root:CASanMateo: 1.1,102
INFO:root:CASanMateo: 1.65,82
INFO:root:CASanMateo: 1.35,92
INFO:root:CASanMateo: 1.65,81
INFO:root:CASanMateo: 1.95,70
INFO:root:CASanMateo: 1.75,74
INFO:root:CASanMateo: 1.95,69
INFO:root:CASanMateo: 2.15,64
INFO:root:CASanMateo: 2.05,72
INFO:root:CASanMateo: 2.15,69
INFO:root:CASanMateo: 2.25,55
INFO:root:CASanMateo: 2.2,57
INFO:root:CASanMateo: 2.25,56
INFO:root:CASanMateo: 2.3,60
INFO:root:CASanMateo: 2.21,57
INFO:root:CASanMateo: 2.25,62
INFO:root:CASanMateo: 2.29,61
INFO:root:CASanMateo: 2.18,65
INFO:root:CASanMateo: 2.21,60
INFO:root:CASanMateo: 2.24,60
INFO:root:CASanMateo: 2.19,61
INFO:root:CASanMateo: 2.21,59
INFO:root:CASanMateo: 2.23,63
DEBUG:root:CASanMateo: Using coeffs
