INFO:root:CAOrange: 0.55,327
INFO:root:CAOrange: 1.1,126
INFO:root:CAOrange: 1.65,59
INFO:root:CAOrange: 1.35,92
INFO:root:CAOrange: 1.65,59
INFO:root:CAOrange: 1.95,25
INFO:root:CAOrange: 1.75,47
INFO:root:CAOrange: 1.95,33
INFO:root:CAOrange: 2.15,15
INFO:root:CAOrange: 2.05,31
INFO:root:CAOrange: 2.15,11
INFO:root:CAOrange: 2.25,0
INFO:root:CAOrange: 2.2,7
INFO:root:CAOrange: 2.25,4
INFO:root:CAOrange: 2.3,9
INFO:root:CAOrange: 2.21,10
INFO:root:CAOrange: 2.25,1
INFO:root:CAOrange: 2.29,2
INFO:root:CAOrange: 2.22,10
INFO:root:CAOrange: 2.25,7
INFO:root:CAOrange: 2.28,4
INFO:root:CAOrange: 2.26,0
INFO:root:CAOrange: 2.28,6
INFO:root:CAOrange: 2.3,8
DEBUG:root:CAOrange: Using coeffs
