INFO:root:CAAlameda: 0.55,290
INFO:root:CAAlameda: 1.1,132
INFO:root:CAAlameda: 1.65,82
INFO:root:CAAlameda: 1.35,106
INFO:root:CAAlameda: 1.65,88
INFO:root:CAAlameda: 1.95,66
INFO:root:CAAlameda: 1.75,83
INFO:root:CAAlameda: 1.95,60
INFO:root:CAAlameda: 2.15,42
INFO:root:CAAlameda: 2.05,51
INFO:root:CAAlameda: 2.15,61
INFO:root:CAAlameda: 2.25,41
INFO:root:CAAlameda: 2.2,47
INFO:root:CAAlameda: 2.25,44
INFO:root:CAAlameda: 2.3,34
INFO:root:CAAlameda: 2.26,38
INFO:root:CAAlameda: 2.3,46
INFO:root:CAAlameda: 2.34,45
INFO:root:CAAlameda: 2.23,44
INFO:root:CAAlameda: 2.26,48
INFO:root:CAAlameda: 2.29,48
INFO:root:CAAlameda: 2.21,48
INFO:root:CAAlameda: 2.23,44
INFO:root:CAAlameda: 2.25,38
DEBUG:root:CAAlameda: Using coeffs
