INFO:root:CASonoma: 0.55,99999
INFO:root:CASonoma: 1.1,99999
INFO:root:CASonoma: 1.65,8
INFO:root:CASonoma: 1.35,13
INFO:root:CASonoma: 1.65,7
INFO:root:CASonoma: 1.95,8
INFO:root:CASonoma: 1.45,10
INFO:root:CASonoma: 1.65,10
INFO:root:CASonoma: 1.85,5
INFO:root:CASonoma: 1.75,9
INFO:root:CASonoma: 1.85,10
INFO:root:CASonoma: 1.95,7
INFO:root:CASonoma: 1.9,7
INFO:root:CASonoma: 1.95,7
INFO:root:CASonoma: 2.0,6
INFO:root:CASonoma: 1.96,7
INFO:root:CASonoma: 2.0,9
INFO:root:CASonoma: 2.04,4
INFO:root:CASonoma: 2.01,5
INFO:root:CASonoma: 2.04,7
INFO:root:CASonoma: 2.07,3
INFO:root:CASonoma: 2.05,9
INFO:root:CASonoma: 2.07,6
INFO:root:CASonoma: 2.09,6
DEBUG:root:CASonoma: Using coeffs
