INFO:root:CASantaClara: 0.55,21
INFO:root:CASantaClara: 1.1,152
INFO:root:CASantaClara: 1.65,205
INFO:root:CASantaClara: 0.25,99999
INFO:root:CASantaClara: 0.55,22
INFO:root:CASantaClara: 0.85,87
INFO:root:CASantaClara: 0.35,99999
INFO:root:CASantaClara: 0.55,23
INFO:root:CASantaClara: 0.75,52
INFO:root:CASantaClara: 0.45,60
INFO:root:CASantaClara: 0.55,23
INFO:root:CASantaClara: 0.65,18
INFO:root:CASantaClara: 0.6,9
INFO:root:CASantaClara: 0.65,11
INFO:root:CASantaClara: 0.7,32
INFO:root:CASantaClara: 0.56,18
INFO:root:CASantaClara: 0.6,3
INFO:root:CASantaClara: 0.64,6
INFO:root:CASantaClara: 0.57,15
INFO:root:CASantaClara: 0.6,3
INFO:root:CASantaClara: 0.63,3
INFO:root:CASantaClara: 0.58,12
INFO:root:CASantaClara: 0.6,10
INFO:root:CASantaClara: 0.62,2
DEBUG:root:CASantaClara: Using coeffs
