INFO:root:CASantaClara: 0.55,7
INFO:root:CASantaClara: 1.1,174
INFO:root:CASantaClara: 1.65,224
INFO:root:CASantaClara: 0.25,99999
INFO:root:CASantaClara: 0.55,9
INFO:root:CASantaClara: 0.85,107
INFO:root:CASantaClara: 0.35,80
INFO:root:CASantaClara: 0.55,13
INFO:root:CASantaClara: 0.75,68
INFO:root:CASantaClara: 0.45,50
INFO:root:CASantaClara: 0.55,10
INFO:root:CASantaClara: 0.65,25
INFO:root:CASantaClara: 0.5,30
INFO:root:CASantaClara: 0.55,7
INFO:root:CASantaClara: 0.6,7
INFO:root:CASantaClara: 0.51,23
INFO:root:CASantaClara: 0.55,13
INFO:root:CASantaClara: 0.59,3
INFO:root:CASantaClara: 0.56,1
INFO:root:CASantaClara: 0.59,7
INFO:root:CASantaClara: 0.62,22
INFO:root:CASantaClara: 0.54,18
INFO:root:CASantaClara: 0.56,7
INFO:root:CASantaClara: 0.58,2
DEBUG:root:CASantaClara: Using coeffs
