INFO:root:CASantaBarbara: 0.55,99999
INFO:root:CASantaBarbara: 1.1,9
INFO:root:CASantaBarbara: 1.65,10
INFO:root:CASantaBarbara: 0.8,38
INFO:root:CASantaBarbara: 1.1,5
INFO:root:CASantaBarbara: 1.4,8
INFO:root:CASantaBarbara: 0.9,25
INFO:root:CASantaBarbara: 1.1,9
INFO:root:CASantaBarbara: 1.3,2
INFO:root:CASantaBarbara: 1.2,6
INFO:root:CASantaBarbara: 1.3,2
INFO:root:CASantaBarbara: 1.4,5
INFO:root:CASantaBarbara: 1.25,4
INFO:root:CASantaBarbara: 1.3,5
INFO:root:CASantaBarbara: 1.35,2
INFO:root:CASantaBarbara: 1.31,1
INFO:root:CASantaBarbara: 1.35,3
INFO:root:CASantaBarbara: 1.39,8
INFO:root:CASantaBarbara: 1.28,1
INFO:root:CASantaBarbara: 1.31,0
INFO:root:CASantaBarbara: 1.34,3
INFO:root:CASantaBarbara: 1.29,3
INFO:root:CASantaBarbara: 1.31,2
INFO:root:CASantaBarbara: 1.33,1
DEBUG:root:CASantaBarbara: Using coeffs
