INFO:root:CALosAngeles: 0.55,338
INFO:root:CALosAngeles: 1.1,225
INFO:root:CALosAngeles: 1.65,199
INFO:root:CALosAngeles: 1.35,214
INFO:root:CALosAngeles: 1.65,198
INFO:root:CALosAngeles: 1.95,187
INFO:root:CALosAngeles: 1.75,193
INFO:root:CALosAngeles: 1.95,188
INFO:root:CALosAngeles: 2.15,176
INFO:root:CALosAngeles: 2.05,183
INFO:root:CALosAngeles: 2.15,179
INFO:root:CALosAngeles: 2.25,169
INFO:root:CALosAngeles: 2.2,168
INFO:root:CALosAngeles: 2.25,181
INFO:root:CALosAngeles: 2.3,175
INFO:root:CALosAngeles: 2.16,169
INFO:root:CALosAngeles: 2.2,182
INFO:root:CALosAngeles: 2.24,171
INFO:root:CALosAngeles: 2.13,175
INFO:root:CALosAngeles: 2.16,169
INFO:root:CALosAngeles: 2.19,172
INFO:root:CALosAngeles: 2.14,178
INFO:root:CALosAngeles: 2.16,182
INFO:root:CALosAngeles: 2.18,176
DEBUG:root:CALosAngeles: Using coeffs
