INFO:root:CAContraCosta: 0.55,98
INFO:root:CAContraCosta: 1.1,6
INFO:root:CAContraCosta: 1.65,20
INFO:root:CAContraCosta: 0.8,48
INFO:root:CAContraCosta: 1.1,5
INFO:root:CAContraCosta: 1.4,11
INFO:root:CAContraCosta: 0.9,29
INFO:root:CAContraCosta: 1.1,0
INFO:root:CAContraCosta: 1.3,2
INFO:root:CAContraCosta: 1.0,7
INFO:root:CAContraCosta: 1.1,2
INFO:root:CAContraCosta: 1.2,3
INFO:root:CAContraCosta: 1.05,4
INFO:root:CAContraCosta: 1.1,3
INFO:root:CAContraCosta: 1.15,3
INFO:root:CAContraCosta: 1.06,5
INFO:root:CAContraCosta: 1.1,6
INFO:root:CAContraCosta: 1.14,1
INFO:root:CAContraCosta: 1.11,0
INFO:root:CAContraCosta: 1.14,3
INFO:root:CAContraCosta: 1.17,3
INFO:root:CAContraCosta: 1.09,0
INFO:root:CAContraCosta: 1.11,5
INFO:root:CAContraCosta: 1.13,2
DEBUG:root:CAContraCosta: Using coeffs
