INFO:root:CASanFrancisco: 0.55,173
INFO:root:CASanFrancisco: 1.1,1
INFO:root:CASanFrancisco: 1.65,48
INFO:root:CASanFrancisco: 0.8,79
INFO:root:CASanFrancisco: 1.1,4
INFO:root:CASanFrancisco: 1.4,25
INFO:root:CASanFrancisco: 0.9,39
INFO:root:CASanFrancisco: 1.1,12
INFO:root:CASanFrancisco: 1.3,20
INFO:root:CASanFrancisco: 1.0,1
INFO:root:CASanFrancisco: 1.1,10
INFO:root:CASanFrancisco: 1.2,12
INFO:root:CASanFrancisco: 0.95,26
INFO:root:CASanFrancisco: 1.0,1
INFO:root:CASanFrancisco: 1.05,1
INFO:root:CASanFrancisco: 0.96,16
INFO:root:CASanFrancisco: 1.0,3
INFO:root:CASanFrancisco: 1.04,1
INFO:root:CASanFrancisco: 1.01,3
INFO:root:CASanFrancisco: 1.04,1
INFO:root:CASanFrancisco: 1.07,4
INFO:root:CASanFrancisco: 1.02,5
INFO:root:CASanFrancisco: 1.04,1
INFO:root:CASanFrancisco: 1.06,4
DEBUG:root:CASanFrancisco: Using coeffs
